{"/home/stinky/Documents/Cours/Projets_S7/M1_WebAvancee_Projet/frontend/src/App.tsx": {"path":"/home/stinky/Documents/Cours/Projets_S7/M1_WebAvancee_Projet/frontend/src/App.tsx","statementMap":{"0":{"start":{"line":23,"column":2},"end":{"line":41,"column":3}}},"fnMap":{"0":{"name":"App","decl":{"start":{"line":22,"column":9},"end":{"line":22,"column":12}},"loc":{"start":{"line":22,"column":15},"end":{"line":42,"column":1}},"line":22}},"branchMap":{},"s":{"0":3},"f":{"0":3},"b":{},"_coverageSchema":"1a1c01bbd47fc00a2c39e90264f33305004495a9","hash":"e7bf1f3a5fedd5030fe2cb7d9ea1153f3b173fb1"}
,"/home/stinky/Documents/Cours/Projets_S7/M1_WebAvancee_Projet/frontend/src/app/hooks.ts": {"path":"/home/stinky/Documents/Cours/Projets_S7/M1_WebAvancee_Projet/frontend/src/app/hooks.ts","statementMap":{"0":{"start":{"line":5,"column":62},"end":{"line":5,"column":73}},"1":{"start":{"line":6,"column":30},"end":{"line":6,"column":62}},"2":{"start":{"line":6,"column":36},"end":{"line":6,"column":62}}},"fnMap":{"0":{"name":"(anonymous_0)","decl":{"start":{"line":6,"column":30},"end":{"line":6,"column":31}},"loc":{"start":{"line":6,"column":36},"end":{"line":6,"column":62}},"line":6}},"branchMap":{},"s":{"0":1,"1":1,"2":0},"f":{"0":0},"b":{},"_coverageSchema":"1a1c01bbd47fc00a2c39e90264f33305004495a9","hash":"4792de17a852622a997f69a503902c2df23327e0"}
,"/home/stinky/Documents/Cours/Projets_S7/M1_WebAvancee_Projet/frontend/src/components/Devis.tsx": {"path":"/home/stinky/Documents/Cours/Projets_S7/M1_WebAvancee_Projet/frontend/src/components/Devis.tsx","statementMap":{"0":{"start":{"line":19,"column":26},"end":{"line":19,"column":52}},"1":{"start":{"line":20,"column":26},"end":{"line":20,"column":52}},"2":{"start":{"line":21,"column":30},"end":{"line":21,"column":54}},"3":{"start":{"line":23,"column":2},"end":{"line":26,"column":29}},"4":{"start":{"line":24,"column":4},"end":{"line":24,"column":23}},"5":{"start":{"line":25,"column":4},"end":{"line":25,"column":22}},"6":{"start":{"line":28,"column":2},"end":{"line":39,"column":12}},"7":{"start":{"line":29,"column":4},"end":{"line":38,"column":5}},"8":{"start":{"line":30,"column":37},"end":{"line":30,"column":80}},"9":{"start":{"line":31,"column":16},"end":{"line":36,"column":7}},"10":{"start":{"line":37,"column":6},"end":{"line":37,"column":46}},"11":{"start":{"line":41,"column":16},"end":{"line":41,"column":36}},"12":{"start":{"line":45,"column":16},"end":{"line":45,"column":17}},"13":{"start":{"line":46,"column":4},"end":{"line":48,"column":6}},"14":{"start":{"line":47,"column":6},"end":{"line":47,"column":26}},"15":{"start":{"line":49,"column":4},"end":{"line":49,"column":16}},"16":{"start":{"line":53,"column":16},"end":{"line":53,"column":17}},"17":{"start":{"line":54,"column":4},"end":{"line":56,"column":6}},"18":{"start":{"line":55,"column":6},"end":{"line":55,"column":26}},"19":{"start":{"line":57,"column":4},"end":{"line":57,"column":22}},"20":{"start":{"line":61,"column":4},"end":{"line":61,"column":24}},"21":{"start":{"line":62,"column":4},"end":{"line":62,"column":25}},"22":{"start":{"line":63,"column":4},"end":{"line":63,"column":60}},"23":{"start":{"line":66,"column":2},"end":{"line":145,"column":3}},"24":{"start":{"line":107,"column":20},"end":{"line":119,"column":31}}},"fnMap":{"0":{"name":"Devis","decl":{"start":{"line":18,"column":9},"end":{"line":18,"column":14}},"loc":{"start":{"line":18,"column":26},"end":{"line":146,"column":1}},"line":18},"1":{"name":"(anonymous_1)","decl":{"start":{"line":23,"column":12},"end":{"line":23,"column":13}},"loc":{"start":{"line":23,"column":18},"end":{"line":26,"column":3}},"line":23},"2":{"name":"(anonymous_2)","decl":{"start":{"line":28,"column":12},"end":{"line":28,"column":13}},"loc":{"start":{"line":28,"column":18},"end":{"line":39,"column":3}},"line":28},"3":{"name":"totalPriceHT","decl":{"start":{"line":44,"column":11},"end":{"line":44,"column":23}},"loc":{"start":{"line":44,"column":44},"end":{"line":50,"column":3}},"line":44},"4":{"name":"(anonymous_4)","decl":{"start":{"line":46,"column":17},"end":{"line":46,"column":18}},"loc":{"start":{"line":46,"column":30},"end":{"line":48,"column":5}},"line":46},"5":{"name":"totalPriceTTC","decl":{"start":{"line":52,"column":11},"end":{"line":52,"column":24}},"loc":{"start":{"line":52,"column":45},"end":{"line":58,"column":3}},"line":52},"6":{"name":"(anonymous_6)","decl":{"start":{"line":54,"column":17},"end":{"line":54,"column":18}},"loc":{"start":{"line":54,"column":30},"end":{"line":56,"column":5}},"line":54},"7":{"name":"getRandomInt","decl":{"start":{"line":60,"column":11},"end":{"line":60,"column":23}},"loc":{"start":{"line":60,"column":57},"end":{"line":64,"column":3}},"line":60},"8":{"name":"(anonymous_8)","decl":{"start":{"line":106,"column":28},"end":{"line":106,"column":29}},"loc":{"start":{"line":107,"column":20},"end":{"line":119,"column":31}},"line":107}},"branchMap":{"0":{"loc":{"start":{"line":29,"column":4},"end":{"line":38,"column":5}},"type":"if","locations":[{"start":{"line":29,"column":4},"end":{"line":38,"column":5}},{"start":{},"end":{}}],"line":29},"1":{"loc":{"start":{"line":70,"column":7},"end":{"line":143,"column":7}},"type":"cond-expr","locations":[{"start":{"line":71,"column":8},"end":{"line":140,"column":14}},{"start":{"line":142,"column":8},"end":{"line":142,"column":13}}],"line":70},"2":{"loc":{"start":{"line":70,"column":7},"end":{"line":70,"column":33}},"type":"binary-expr","locations":[{"start":{"line":70,"column":7},"end":{"line":70,"column":19}},{"start":{"line":70,"column":23},"end":{"line":70,"column":33}}],"line":70}},"s":{"0":2,"1":1,"2":1,"3":1,"4":1,"5":1,"6":1,"7":1,"8":1,"9":1,"10":1,"11":1,"12":1,"13":1,"14":2,"15":1,"16":1,"17":1,"18":2,"19":1,"20":0,"21":0,"22":0,"23":1,"24":2},"f":{"0":2,"1":1,"2":1,"3":1,"4":2,"5":1,"6":2,"7":0,"8":2},"b":{"0":[1,0],"1":[1,0],"2":[1,1]},"_coverageSchema":"1a1c01bbd47fc00a2c39e90264f33305004495a9","hash":"448733b37bba261795ac00f661d50db3d3386a26"}
,"/home/stinky/Documents/Cours/Projets_S7/M1_WebAvancee_Projet/frontend/src/components/Footer.tsx": {"path":"/home/stinky/Documents/Cours/Projets_S7/M1_WebAvancee_Projet/frontend/src/components/Footer.tsx","statementMap":{"0":{"start":{"line":11,"column":15},"end":{"line":49,"column":1}},"1":{"start":{"line":12,"column":28},"end":{"line":12,"column":53}},"2":{"start":{"line":13,"column":2},"end":{"line":48,"column":3}},"3":{"start":{"line":26,"column":10},"end":{"line":26,"column":28}}},"fnMap":{"0":{"name":"(anonymous_0)","decl":{"start":{"line":11,"column":15},"end":{"line":11,"column":16}},"loc":{"start":{"line":11,"column":21},"end":{"line":49,"column":1}},"line":11},"1":{"name":"(anonymous_1)","decl":{"start":{"line":25,"column":18},"end":{"line":25,"column":19}},"loc":{"start":{"line":25,"column":39},"end":{"line":27,"column":9}},"line":25}},"branchMap":{},"s":{"0":1,"1":3,"2":2,"3":0},"f":{"0":3,"1":0},"b":{},"_coverageSchema":"1a1c01bbd47fc00a2c39e90264f33305004495a9","hash":"56908bd68d34556b22058a1f1bd9faee368a4852"}
,"/home/stinky/Documents/Cours/Projets_S7/M1_WebAvancee_Projet/frontend/src/components/Header.tsx": {"path":"/home/stinky/Documents/Cours/Projets_S7/M1_WebAvancee_Projet/frontend/src/components/Header.tsx","statementMap":{"0":{"start":{"line":12,"column":15},"end":{"line":84,"column":1}},"1":{"start":{"line":13,"column":40},"end":{"line":13,"column":80}},"2":{"start":{"line":15,"column":28},"end":{"line":17,"column":3}},"3":{"start":{"line":16,"column":4},"end":{"line":16,"column":39}},"4":{"start":{"line":18,"column":32},"end":{"line":18,"column":52}},"5":{"start":{"line":19,"column":30},"end":{"line":19,"column":54}},"6":{"start":{"line":20,"column":36},"end":{"line":20,"column":49}},"7":{"start":{"line":21,"column":2},"end":{"line":27,"column":4}},"8":{"start":{"line":22,"column":15},"end":{"line":22,"column":54}},"9":{"start":{"line":23,"column":4},"end":{"line":23,"column":20}},"10":{"start":{"line":24,"column":4},"end":{"line":26,"column":5}},"11":{"start":{"line":25,"column":6},"end":{"line":25,"column":22}},"12":{"start":{"line":29,"column":21},"end":{"line":33,"column":3}},"13":{"start":{"line":30,"column":4},"end":{"line":30,"column":41}},"14":{"start":{"line":31,"column":4},"end":{"line":31,"column":22}},"15":{"start":{"line":32,"column":4},"end":{"line":32,"column":17}},"16":{"start":{"line":34,"column":2},"end":{"line":83,"column":3}}},"fnMap":{"0":{"name":"(anonymous_0)","decl":{"start":{"line":12,"column":15},"end":{"line":12,"column":16}},"loc":{"start":{"line":12,"column":21},"end":{"line":84,"column":1}},"line":12},"1":{"name":"(anonymous_1)","decl":{"start":{"line":15,"column":28},"end":{"line":15,"column":29}},"loc":{"start":{"line":15,"column":75},"end":{"line":17,"column":3}},"line":15},"2":{"name":"(anonymous_2)","decl":{"start":{"line":21,"column":12},"end":{"line":21,"column":13}},"loc":{"start":{"line":21,"column":18},"end":{"line":27,"column":3}},"line":21},"3":{"name":"(anonymous_3)","decl":{"start":{"line":29,"column":21},"end":{"line":29,"column":22}},"loc":{"start":{"line":29,"column":33},"end":{"line":33,"column":3}},"line":29}},"branchMap":{"0":{"loc":{"start":{"line":22,"column":15},"end":{"line":22,"column":54}},"type":"binary-expr","locations":[{"start":{"line":22,"column":15},"end":{"line":22,"column":48}},{"start":{"line":22,"column":52},"end":{"line":22,"column":54}}],"line":22},"1":{"loc":{"start":{"line":24,"column":4},"end":{"line":26,"column":5}},"type":"if","locations":[{"start":{"line":24,"column":4},"end":{"line":26,"column":5}},{"start":{},"end":{}}],"line":24},"2":{"loc":{"start":{"line":56,"column":11},"end":{"line":64,"column":11}},"type":"cond-expr","locations":[{"start":{"line":57,"column":12},"end":{"line":59,"column":21}},{"start":{"line":61,"column":12},"end":{"line":63,"column":21}}],"line":56},"3":{"loc":{"start":{"line":65,"column":11},"end":{"line":73,"column":11}},"type":"cond-expr","locations":[{"start":{"line":66,"column":12},"end":{"line":68,"column":21}},{"start":{"line":70,"column":12},"end":{"line":72,"column":21}}],"line":65}},"s":{"0":1,"1":2,"2":2,"3":0,"4":2,"5":2,"6":2,"7":2,"8":0,"9":0,"10":0,"11":0,"12":2,"13":0,"14":0,"15":0,"16":2},"f":{"0":2,"1":0,"2":0,"3":0},"b":{"0":[0,0],"1":[0,0],"2":[2,0],"3":[2,0]},"_coverageSchema":"1a1c01bbd47fc00a2c39e90264f33305004495a9","hash":"ce448156755f2614e34149a738af5a9da1e9e757"}
,"/home/stinky/Documents/Cours/Projets_S7/M1_WebAvancee_Projet/frontend/src/components/PopUp.tsx": {"path":"/home/stinky/Documents/Cours/Projets_S7/M1_WebAvancee_Projet/frontend/src/components/PopUp.tsx","statementMap":{"0":{"start":{"line":6,"column":14},"end":{"line":36,"column":1}},"1":{"start":{"line":7,"column":26},"end":{"line":7,"column":61}},"2":{"start":{"line":9,"column":2},"end":{"line":11,"column":18}},"3":{"start":{"line":10,"column":4},"end":{"line":10,"column":23}},"4":{"start":{"line":13,"column":21},"end":{"line":15,"column":3}},"5":{"start":{"line":14,"column":4},"end":{"line":14,"column":17}},"6":{"start":{"line":17,"column":22},"end":{"line":20,"column":3}},"7":{"start":{"line":18,"column":4},"end":{"line":18,"column":23}},"8":{"start":{"line":19,"column":4},"end":{"line":19,"column":18}},"9":{"start":{"line":22,"column":2},"end":{"line":35,"column":3}}},"fnMap":{"0":{"name":"(anonymous_0)","decl":{"start":{"line":6,"column":14},"end":{"line":6,"column":15}},"loc":{"start":{"line":6,"column":25},"end":{"line":36,"column":1}},"line":6},"1":{"name":"(anonymous_1)","decl":{"start":{"line":9,"column":12},"end":{"line":9,"column":13}},"loc":{"start":{"line":9,"column":18},"end":{"line":11,"column":3}},"line":9},"2":{"name":"(anonymous_2)","decl":{"start":{"line":13,"column":21},"end":{"line":13,"column":22}},"loc":{"start":{"line":13,"column":27},"end":{"line":15,"column":3}},"line":13},"3":{"name":"(anonymous_3)","decl":{"start":{"line":17,"column":22},"end":{"line":17,"column":23}},"loc":{"start":{"line":17,"column":28},"end":{"line":20,"column":3}},"line":17}},"branchMap":{},"s":{"0":1,"1":0,"2":0,"3":0,"4":0,"5":0,"6":0,"7":0,"8":0,"9":0},"f":{"0":0,"1":0,"2":0,"3":0},"b":{},"_coverageSchema":"1a1c01bbd47fc00a2c39e90264f33305004495a9","hash":"def5ea7a3a658dd97b110643b42058dbaf896043"}
,"/home/stinky/Documents/Cours/Projets_S7/M1_WebAvancee_Projet/frontend/src/components/TriPrix.tsx": {"path":"/home/stinky/Documents/Cours/Projets_S7/M1_WebAvancee_Projet/frontend/src/components/TriPrix.tsx","statementMap":{"0":{"start":{"line":5,"column":16},"end":{"line":54,"column":1}},"1":{"start":{"line":6,"column":34},"end":{"line":6,"column":70}},"2":{"start":{"line":7,"column":42},"end":{"line":7,"column":58}},"3":{"start":{"line":8,"column":42},"end":{"line":8,"column":79}},"4":{"start":{"line":10,"column":31},"end":{"line":20,"column":7}},"5":{"start":{"line":11,"column":8},"end":{"line":13,"column":9}},"6":{"start":{"line":12,"column":10},"end":{"line":12,"column":16}},"7":{"start":{"line":14,"column":8},"end":{"line":18,"column":9}},"8":{"start":{"line":15,"column":10},"end":{"line":15,"column":95}},"9":{"start":{"line":17,"column":10},"end":{"line":17,"column":95}},"10":{"start":{"line":19,"column":8},"end":{"line":19,"column":51}},"11":{"start":{"line":21,"column":26},"end":{"line":24,"column":7}},"12":{"start":{"line":22,"column":17},"end":{"line":22,"column":105}},"13":{"start":{"line":22,"column":46},"end":{"line":22,"column":104}},"14":{"start":{"line":23,"column":8},"end":{"line":23,"column":23}},"15":{"start":{"line":27,"column":8},"end":{"line":27,"column":32}},"16":{"start":{"line":30,"column":35},"end":{"line":30,"column":36}},"17":{"start":{"line":31,"column":20},"end":{"line":40,"column":7}},"18":{"start":{"line":41,"column":6},"end":{"line":53,"column":7}},"19":{"start":{"line":44,"column":30},"end":{"line":44,"column":39}}},"fnMap":{"0":{"name":"(anonymous_0)","decl":{"start":{"line":5,"column":16},"end":{"line":5,"column":17}},"loc":{"start":{"line":5,"column":31},"end":{"line":54,"column":1}},"line":5},"1":{"name":"(anonymous_1)","decl":{"start":{"line":10,"column":31},"end":{"line":10,"column":32}},"loc":{"start":{"line":10,"column":105},"end":{"line":20,"column":7}},"line":10},"2":{"name":"(anonymous_2)","decl":{"start":{"line":21,"column":26},"end":{"line":21,"column":27}},"loc":{"start":{"line":21,"column":67},"end":{"line":24,"column":7}},"line":21},"3":{"name":"(anonymous_3)","decl":{"start":{"line":22,"column":32},"end":{"line":22,"column":33}},"loc":{"start":{"line":22,"column":46},"end":{"line":22,"column":104}},"line":22},"4":{"name":"valuetext","decl":{"start":{"line":26,"column":15},"end":{"line":26,"column":24}},"loc":{"start":{"line":26,"column":47},"end":{"line":28,"column":7}},"line":26},"5":{"name":"(anonymous_5)","decl":{"start":{"line":44,"column":24},"end":{"line":44,"column":25}},"loc":{"start":{"line":44,"column":30},"end":{"line":44,"column":39}},"line":44}},"branchMap":{"0":{"loc":{"start":{"line":11,"column":8},"end":{"line":13,"column":9}},"type":"if","locations":[{"start":{"line":11,"column":8},"end":{"line":13,"column":9}},{"start":{},"end":{}}],"line":11},"1":{"loc":{"start":{"line":14,"column":8},"end":{"line":18,"column":9}},"type":"if","locations":[{"start":{"line":14,"column":8},"end":{"line":18,"column":9}},{"start":{"line":16,"column":15},"end":{"line":18,"column":9}}],"line":14},"2":{"loc":{"start":{"line":22,"column":46},"end":{"line":22,"column":104}},"type":"binary-expr","locations":[{"start":{"line":22,"column":46},"end":{"line":22,"column":73}},{"start":{"line":22,"column":77},"end":{"line":22,"column":104}}],"line":22}},"s":{"0":1,"1":0,"2":0,"3":0,"4":0,"5":0,"6":0,"7":0,"8":0,"9":0,"10":0,"11":0,"12":0,"13":0,"14":0,"15":0,"16":0,"17":0,"18":0,"19":0},"f":{"0":0,"1":0,"2":0,"3":0,"4":0,"5":0},"b":{"0":[0,0],"1":[0,0],"2":[0,0]},"_coverageSchema":"1a1c01bbd47fc00a2c39e90264f33305004495a9","hash":"c3c5ec679a1baca597c9b0d01ad55edccce7997b"}
,"/home/stinky/Documents/Cours/Projets_S7/M1_WebAvancee_Projet/frontend/src/components/TriType.tsx": {"path":"/home/stinky/Documents/Cours/Projets_S7/M1_WebAvancee_Projet/frontend/src/components/TriType.tsx","statementMap":{"0":{"start":{"line":5,"column":16},"end":{"line":57,"column":1}},"1":{"start":{"line":6,"column":40},"end":{"line":6,"column":68}},"2":{"start":{"line":7,"column":32},"end":{"line":7,"column":61}},"3":{"start":{"line":8,"column":40},"end":{"line":8,"column":56}},"4":{"start":{"line":9,"column":13},"end":{"line":9,"column":23}},"5":{"start":{"line":11,"column":27},"end":{"line":17,"column":3}},"6":{"start":{"line":14,"column":8},"end":{"line":14,"column":13}},"7":{"start":{"line":15,"column":4},"end":{"line":15,"column":72}},"8":{"start":{"line":16,"column":4},"end":{"line":16,"column":21}},"9":{"start":{"line":19,"column":21},"end":{"line":27,"column":3}},"10":{"start":{"line":20,"column":12},"end":{"line":20,"column":89}},"11":{"start":{"line":20,"column":42},"end":{"line":20,"column":87}},"12":{"start":{"line":21,"column":4},"end":{"line":26,"column":5}},"13":{"start":{"line":22,"column":6},"end":{"line":22,"column":27}},"14":{"start":{"line":24,"column":6},"end":{"line":24,"column":23}},"15":{"start":{"line":25,"column":6},"end":{"line":25,"column":21}},"16":{"start":{"line":29,"column":2},"end":{"line":56,"column":3}},"17":{"start":{"line":42,"column":12},"end":{"line":46,"column":18}},"18":{"start":{"line":44,"column":16},"end":{"line":44,"column":50}},"19":{"start":{"line":49,"column":12},"end":{"line":51,"column":23}}},"fnMap":{"0":{"name":"(anonymous_0)","decl":{"start":{"line":5,"column":16},"end":{"line":5,"column":17}},"loc":{"start":{"line":5,"column":31},"end":{"line":57,"column":1}},"line":5},"1":{"name":"(anonymous_1)","decl":{"start":{"line":11,"column":27},"end":{"line":11,"column":28}},"loc":{"start":{"line":11,"column":48},"end":{"line":17,"column":3}},"line":11},"2":{"name":"(anonymous_2)","decl":{"start":{"line":19,"column":21},"end":{"line":19,"column":22}},"loc":{"start":{"line":19,"column":42},"end":{"line":27,"column":3}},"line":19},"3":{"name":"(anonymous_3)","decl":{"start":{"line":20,"column":27},"end":{"line":20,"column":28}},"loc":{"start":{"line":20,"column":42},"end":{"line":20,"column":87}},"line":20},"4":{"name":"(anonymous_4)","decl":{"start":{"line":41,"column":23},"end":{"line":41,"column":24}},"loc":{"start":{"line":42,"column":12},"end":{"line":46,"column":18}},"line":42},"5":{"name":"(anonymous_5)","decl":{"start":{"line":43,"column":28},"end":{"line":43,"column":29}},"loc":{"start":{"line":44,"column":16},"end":{"line":44,"column":50}},"line":44},"6":{"name":"(anonymous_6)","decl":{"start":{"line":48,"column":20},"end":{"line":48,"column":21}},"loc":{"start":{"line":49,"column":12},"end":{"line":51,"column":23}},"line":49}},"branchMap":{"0":{"loc":{"start":{"line":15,"column":19},"end":{"line":15,"column":71}},"type":"cond-expr","locations":[{"start":{"line":15,"column":47},"end":{"line":15,"column":63}},{"start":{"line":15,"column":66},"end":{"line":15,"column":71}}],"line":15},"1":{"loc":{"start":{"line":20,"column":42},"end":{"line":20,"column":87}},"type":"cond-expr","locations":[{"start":{"line":20,"column":75},"end":{"line":20,"column":79}},{"start":{"line":20,"column":82},"end":{"line":20,"column":87}}],"line":20},"2":{"loc":{"start":{"line":21,"column":4},"end":{"line":26,"column":5}},"type":"if","locations":[{"start":{"line":21,"column":4},"end":{"line":26,"column":5}},{"start":{"line":23,"column":11},"end":{"line":26,"column":5}}],"line":21}},"s":{"0":1,"1":0,"2":0,"3":0,"4":0,"5":0,"6":0,"7":0,"8":0,"9":0,"10":0,"11":0,"12":0,"13":0,"14":0,"15":0,"16":0,"17":0,"18":0,"19":0},"f":{"0":0,"1":0,"2":0,"3":0,"4":0,"5":0,"6":0},"b":{"0":[0,0],"1":[0,0],"2":[0,0]},"_coverageSchema":"1a1c01bbd47fc00a2c39e90264f33305004495a9","hash":"b7b38a5d9ef9bd1f45082063f98b4ba2d47dc5ab"}
,"/home/stinky/Documents/Cours/Projets_S7/M1_WebAvancee_Projet/frontend/src/helpers/api.ts": {"path":"/home/stinky/Documents/Cours/Projets_S7/M1_WebAvancee_Projet/frontend/src/helpers/api.ts","statementMap":{"0":{"start":{"line":6,"column":4},"end":{"line":12,"column":6}},"1":{"start":{"line":7,"column":8},"end":{"line":10,"column":9}},"2":{"start":{"line":9,"column":12},"end":{"line":9,"column":49}},"3":{"start":{"line":11,"column":8},"end":{"line":11,"column":45}}},"fnMap":{"0":{"name":"api","decl":{"start":{"line":5,"column":9},"end":{"line":5,"column":12}},"loc":{"start":{"line":5,"column":38},"end":{"line":13,"column":1}},"line":5},"1":{"name":"(anonymous_1)","decl":{"start":{"line":6,"column":27},"end":{"line":6,"column":28}},"loc":{"start":{"line":6,"column":39},"end":{"line":12,"column":5}},"line":6}},"branchMap":{"0":{"loc":{"start":{"line":7,"column":8},"end":{"line":10,"column":9}},"type":"if","locations":[{"start":{"line":7,"column":8},"end":{"line":10,"column":9}},{"start":{},"end":{}}],"line":7}},"s":{"0":0,"1":0,"2":0,"3":0},"f":{"0":0,"1":0},"b":{"0":[0,0]},"_coverageSchema":"1a1c01bbd47fc00a2c39e90264f33305004495a9","hash":"0588660722976f5e8d264d37f963454dd465c387"}
,"/home/stinky/Documents/Cours/Projets_S7/M1_WebAvancee_Projet/frontend/src/helpers/helpers.ts": {"path":"/home/stinky/Documents/Cours/Projets_S7/M1_WebAvancee_Projet/frontend/src/helpers/helpers.ts","statementMap":{"0":{"start":{"line":7,"column":17},"end":{"line":7,"column":40}},"1":{"start":{"line":8,"column":18},"end":{"line":8,"column":42}},"2":{"start":{"line":9,"column":13},"end":{"line":9,"column":29}},"3":{"start":{"line":10,"column":20},"end":{"line":17,"column":4}},"4":{"start":{"line":21,"column":15},"end":{"line":21,"column":67}},"5":{"start":{"line":22,"column":2},"end":{"line":22,"column":16}},"6":{"start":{"line":27,"column":15},"end":{"line":27,"column":63}},"7":{"start":{"line":28,"column":2},"end":{"line":28,"column":16}}},"fnMap":{"0":{"name":"PostDevis","decl":{"start":{"line":6,"column":15},"end":{"line":6,"column":24}},"loc":{"start":{"line":6,"column":72},"end":{"line":18,"column":1}},"line":6},"1":{"name":"getDevisbyID","decl":{"start":{"line":20,"column":15},"end":{"line":20,"column":27}},"loc":{"start":{"line":20,"column":40},"end":{"line":23,"column":1}},"line":20},"2":{"name":"getAllDevis","decl":{"start":{"line":25,"column":15},"end":{"line":25,"column":26}},"loc":{"start":{"line":26,"column":0},"end":{"line":29,"column":1}},"line":26}},"branchMap":{},"s":{"0":0,"1":0,"2":0,"3":0,"4":0,"5":0,"6":0,"7":0},"f":{"0":0,"1":0,"2":0},"b":{},"_coverageSchema":"1a1c01bbd47fc00a2c39e90264f33305004495a9","hash":"6d4a0384d5a884cdae19a65821f2c269c94bab31"}
,"/home/stinky/Documents/Cours/Projets_S7/M1_WebAvancee_Projet/frontend/src/pages/CarPage.tsx": {"path":"/home/stinky/Documents/Cours/Projets_S7/M1_WebAvancee_Projet/frontend/src/pages/CarPage.tsx","statementMap":{"0":{"start":{"line":15,"column":13},"end":{"line":15,"column":24}},"1":{"start":{"line":16,"column":15},"end":{"line":16,"column":63}},"2":{"start":{"line":16,"column":41},"end":{"line":16,"column":62}},"3":{"start":{"line":17,"column":19},"end":{"line":17,"column":70}},"4":{"start":{"line":17,"column":43},"end":{"line":17,"column":69}},"5":{"start":{"line":18,"column":36},"end":{"line":18,"column":60}},"6":{"start":{"line":19,"column":33},"end":{"line":19,"column":53}},"7":{"start":{"line":21,"column":23},"end":{"line":21,"column":50}},"8":{"start":{"line":22,"column":16},"end":{"line":22,"column":60}},"9":{"start":{"line":22,"column":41},"end":{"line":22,"column":56}},"10":{"start":{"line":25,"column":22},"end":{"line":25,"column":24}},"11":{"start":{"line":26,"column":29},"end":{"line":26,"column":57}},"12":{"start":{"line":28,"column":4},"end":{"line":30,"column":5}},"13":{"start":{"line":29,"column":6},"end":{"line":29,"column":30}},"14":{"start":{"line":32,"column":19},"end":{"line":32,"column":50}},"15":{"start":{"line":33,"column":4},"end":{"line":33,"column":25}},"16":{"start":{"line":34,"column":4},"end":{"line":34,"column":30}},"17":{"start":{"line":36,"column":4},"end":{"line":36,"column":54}},"18":{"start":{"line":37,"column":4},"end":{"line":37,"column":63}},"19":{"start":{"line":38,"column":4},"end":{"line":38,"column":22}},"20":{"start":{"line":42,"column":2},"end":{"line":72,"column":3}},"21":{"start":{"line":44,"column":68},"end":{"line":44,"column":87}}},"fnMap":{"0":{"name":"CarPage","decl":{"start":{"line":12,"column":9},"end":{"line":12,"column":16}},"loc":{"start":{"line":12,"column":19},"end":{"line":73,"column":1}},"line":12},"1":{"name":"(anonymous_1)","decl":{"start":{"line":16,"column":30},"end":{"line":16,"column":31}},"loc":{"start":{"line":16,"column":41},"end":{"line":16,"column":62}},"line":16},"2":{"name":"(anonymous_2)","decl":{"start":{"line":17,"column":34},"end":{"line":17,"column":35}},"loc":{"start":{"line":17,"column":43},"end":{"line":17,"column":69}},"line":17},"3":{"name":"(anonymous_3)","decl":{"start":{"line":22,"column":31},"end":{"line":22,"column":32}},"loc":{"start":{"line":22,"column":41},"end":{"line":22,"column":56}},"line":22},"4":{"name":"addCarToCart","decl":{"start":{"line":24,"column":11},"end":{"line":24,"column":23}},"loc":{"start":{"line":24,"column":30},"end":{"line":40,"column":3}},"line":24},"5":{"name":"(anonymous_5)","decl":{"start":{"line":44,"column":55},"end":{"line":44,"column":56}},"loc":{"start":{"line":44,"column":68},"end":{"line":44,"column":87}},"line":44}},"branchMap":{"0":{"loc":{"start":{"line":28,"column":4},"end":{"line":30,"column":5}},"type":"if","locations":[{"start":{"line":28,"column":4},"end":{"line":30,"column":5}},{"start":{},"end":{}}],"line":28}},"s":{"0":0,"1":0,"2":0,"3":0,"4":0,"5":0,"6":0,"7":0,"8":0,"9":0,"10":0,"11":0,"12":0,"13":0,"14":0,"15":0,"16":0,"17":0,"18":0,"19":0,"20":0,"21":0},"f":{"0":0,"1":0,"2":0,"3":0,"4":0,"5":0},"b":{"0":[0,0]},"_coverageSchema":"1a1c01bbd47fc00a2c39e90264f33305004495a9","hash":"cb092be4dbb1f9d6f3f935c1c22f7d1735b575c0"}
,"/home/stinky/Documents/Cours/Projets_S7/M1_WebAvancee_Projet/frontend/src/pages/Cart.tsx": {"path":"/home/stinky/Documents/Cours/Projets_S7/M1_WebAvancee_Projet/frontend/src/pages/Cart.tsx","statementMap":{"0":{"start":{"line":10,"column":26},"end":{"line":10,"column":45}},"1":{"start":{"line":11,"column":36},"end":{"line":11,"column":60}},"2":{"start":{"line":12,"column":33},"end":{"line":12,"column":53}},"3":{"start":{"line":14,"column":4},"end":{"line":14,"column":115}},"4":{"start":{"line":15,"column":19},"end":{"line":15,"column":70}},"5":{"start":{"line":15,"column":43},"end":{"line":15,"column":69}},"6":{"start":{"line":17,"column":2},"end":{"line":23,"column":8}},"7":{"start":{"line":19,"column":23},"end":{"line":19,"column":51}},"8":{"start":{"line":20,"column":4},"end":{"line":22,"column":5}},"9":{"start":{"line":21,"column":6},"end":{"line":21,"column":37}},"10":{"start":{"line":26,"column":4},"end":{"line":26,"column":42}},"11":{"start":{"line":26,"column":31},"end":{"line":26,"column":40}},"12":{"start":{"line":27,"column":4},"end":{"line":27,"column":54}},"13":{"start":{"line":31,"column":23},"end":{"line":31,"column":24}},"14":{"start":{"line":32,"column":4},"end":{"line":34,"column":6}},"15":{"start":{"line":33,"column":6},"end":{"line":33,"column":32}},"16":{"start":{"line":35,"column":4},"end":{"line":35,"column":16}},"17":{"start":{"line":39,"column":27},"end":{"line":39,"column":66}},"18":{"start":{"line":40,"column":4},"end":{"line":53,"column":5}},"19":{"start":{"line":41,"column":17},"end":{"line":41,"column":35}},"20":{"start":{"line":42,"column":6},"end":{"line":42,"column":37}},"21":{"start":{"line":43,"column":6},"end":{"line":43,"column":54}},"22":{"start":{"line":44,"column":6},"end":{"line":44,"column":17}},"23":{"start":{"line":45,"column":6},"end":{"line":45,"column":96}},"24":{"start":{"line":46,"column":6},"end":{"line":46,"column":24}},"25":{"start":{"line":47,"column":11},"end":{"line":53,"column":5}},"26":{"start":{"line":48,"column":6},"end":{"line":48,"column":43}},"27":{"start":{"line":49,"column":6},"end":{"line":49,"column":24}},"28":{"start":{"line":51,"column":6},"end":{"line":51,"column":36}},"29":{"start":{"line":52,"column":6},"end":{"line":52,"column":24}},"30":{"start":{"line":56,"column":2},"end":{"line":86,"column":3}},"31":{"start":{"line":58,"column":68},"end":{"line":58,"column":87}},"32":{"start":{"line":61,"column":8},"end":{"line":79,"column":9}},"33":{"start":{"line":62,"column":10},"end":{"line":78,"column":11}},"34":{"start":{"line":74,"column":37},"end":{"line":74,"column":51}}},"fnMap":{"0":{"name":"Cart","decl":{"start":{"line":9,"column":9},"end":{"line":9,"column":13}},"loc":{"start":{"line":9,"column":16},"end":{"line":87,"column":1}},"line":9},"1":{"name":"(anonymous_1)","decl":{"start":{"line":15,"column":34},"end":{"line":15,"column":35}},"loc":{"start":{"line":15,"column":43},"end":{"line":15,"column":69}},"line":15},"2":{"name":"(anonymous_2)","decl":{"start":{"line":17,"column":12},"end":{"line":17,"column":13}},"loc":{"start":{"line":17,"column":18},"end":{"line":23,"column":3}},"line":17},"3":{"name":"removeCar","decl":{"start":{"line":25,"column":11},"end":{"line":25,"column":20}},"loc":{"start":{"line":25,"column":36},"end":{"line":28,"column":3}},"line":25},"4":{"name":"(anonymous_4)","decl":{"start":{"line":26,"column":24},"end":{"line":26,"column":25}},"loc":{"start":{"line":26,"column":31},"end":{"line":26,"column":40}},"line":26},"5":{"name":"totalPrice","decl":{"start":{"line":30,"column":11},"end":{"line":30,"column":21}},"loc":{"start":{"line":30,"column":43},"end":{"line":36,"column":3}},"line":30},"6":{"name":"(anonymous_6)","decl":{"start":{"line":32,"column":17},"end":{"line":32,"column":18}},"loc":{"start":{"line":32,"column":26},"end":{"line":34,"column":5}},"line":32},"7":{"name":"CreateDevis","decl":{"start":{"line":38,"column":17},"end":{"line":38,"column":28}},"loc":{"start":{"line":38,"column":45},"end":{"line":54,"column":3}},"line":38},"8":{"name":"(anonymous_8)","decl":{"start":{"line":58,"column":55},"end":{"line":58,"column":56}},"loc":{"start":{"line":58,"column":68},"end":{"line":58,"column":87}},"line":58},"9":{"name":"(anonymous_9)","decl":{"start":{"line":60,"column":16},"end":{"line":60,"column":17}},"loc":{"start":{"line":60,"column":43},"end":{"line":80,"column":7}},"line":60},"10":{"name":"(anonymous_10)","decl":{"start":{"line":74,"column":31},"end":{"line":74,"column":32}},"loc":{"start":{"line":74,"column":37},"end":{"line":74,"column":51}},"line":74}},"branchMap":{"0":{"loc":{"start":{"line":20,"column":4},"end":{"line":22,"column":5}},"type":"if","locations":[{"start":{"line":20,"column":4},"end":{"line":22,"column":5}},{"start":{},"end":{}}],"line":20},"1":{"loc":{"start":{"line":39,"column":27},"end":{"line":39,"column":66}},"type":"binary-expr","locations":[{"start":{"line":39,"column":27},"end":{"line":39,"column":60}},{"start":{"line":39,"column":64},"end":{"line":39,"column":66}}],"line":39},"2":{"loc":{"start":{"line":40,"column":4},"end":{"line":53,"column":5}},"type":"if","locations":[{"start":{"line":40,"column":4},"end":{"line":53,"column":5}},{"start":{"line":47,"column":11},"end":{"line":53,"column":5}}],"line":40},"3":{"loc":{"start":{"line":40,"column":8},"end":{"line":40,"column":45}},"type":"binary-expr","locations":[{"start":{"line":40,"column":8},"end":{"line":40,"column":20}},{"start":{"line":40,"column":24},"end":{"line":40,"column":45}}],"line":40},"4":{"loc":{"start":{"line":47,"column":11},"end":{"line":53,"column":5}},"type":"if","locations":[{"start":{"line":47,"column":11},"end":{"line":53,"column":5}},{"start":{"line":50,"column":11},"end":{"line":53,"column":5}}],"line":47},"5":{"loc":{"start":{"line":61,"column":8},"end":{"line":79,"column":9}},"type":"if","locations":[{"start":{"line":61,"column":8},"end":{"line":79,"column":9}},{"start":{},"end":{}}],"line":61},"6":{"loc":{"start":{"line":64,"column":15},"end":{"line":68,"column":15}},"type":"cond-expr","locations":[{"start":{"line":65,"column":16},"end":{"line":65,"column":97}},{"start":{"line":67,"column":16},"end":{"line":67,"column":75}}],"line":64}},"s":{"0":0,"1":0,"2":0,"3":0,"4":0,"5":0,"6":0,"7":0,"8":0,"9":0,"10":0,"11":0,"12":0,"13":0,"14":0,"15":0,"16":0,"17":0,"18":0,"19":0,"20":0,"21":0,"22":0,"23":0,"24":0,"25":0,"26":0,"27":0,"28":0,"29":0,"30":0,"31":0,"32":0,"33":0,"34":0},"f":{"0":0,"1":0,"2":0,"3":0,"4":0,"5":0,"6":0,"7":0,"8":0,"9":0,"10":0},"b":{"0":[0,0],"1":[0,0],"2":[0,0],"3":[0,0],"4":[0,0],"5":[0,0],"6":[0,0]},"_coverageSchema":"1a1c01bbd47fc00a2c39e90264f33305004495a9","hash":"d662dc7cf2344c60470ae1bb85ba41c85c78c3a2"}
,"/home/stinky/Documents/Cours/Projets_S7/M1_WebAvancee_Projet/frontend/src/pages/Catalogue.tsx": {"path":"/home/stinky/Documents/Cours/Projets_S7/M1_WebAvancee_Projet/frontend/src/pages/Catalogue.tsx","statementMap":{"0":{"start":{"line":23,"column":15},"end":{"line":23,"column":63}},"1":{"start":{"line":23,"column":41},"end":{"line":23,"column":62}},"2":{"start":{"line":24,"column":19},"end":{"line":24,"column":70}},"3":{"start":{"line":24,"column":43},"end":{"line":24,"column":69}},"4":{"start":{"line":27,"column":36},"end":{"line":27,"column":63}},"5":{"start":{"line":28,"column":32},"end":{"line":28,"column":57}},"6":{"start":{"line":31,"column":23},"end":{"line":31,"column":50}},"7":{"start":{"line":33,"column":32},"end":{"line":33,"column":62}},"8":{"start":{"line":34,"column":31},"end":{"line":34,"column":61}},"9":{"start":{"line":38,"column":2},"end":{"line":48,"column":8}},"10":{"start":{"line":39,"column":16},"end":{"line":39,"column":23}},"11":{"start":{"line":40,"column":4},"end":{"line":46,"column":5}},"12":{"start":{"line":42,"column":28},"end":{"line":42,"column":34}},"13":{"start":{"line":43,"column":28},"end":{"line":43,"column":34}},"14":{"start":{"line":44,"column":8},"end":{"line":44,"column":41}},"15":{"start":{"line":47,"column":4},"end":{"line":47,"column":19}},"16":{"start":{"line":50,"column":2},"end":{"line":52,"column":23}},"17":{"start":{"line":51,"column":4},"end":{"line":51,"column":21}},"18":{"start":{"line":55,"column":22},"end":{"line":63,"column":3}},"19":{"start":{"line":56,"column":33},"end":{"line":56,"column":35}},"20":{"start":{"line":57,"column":4},"end":{"line":61,"column":6}},"21":{"start":{"line":58,"column":6},"end":{"line":60,"column":7}},"22":{"start":{"line":59,"column":8},"end":{"line":59,"column":35}},"23":{"start":{"line":62,"column":4},"end":{"line":62,"column":23}},"24":{"start":{"line":64,"column":13},"end":{"line":64,"column":33}},"25":{"start":{"line":68,"column":26},"end":{"line":79,"column":3}},"26":{"start":{"line":69,"column":4},"end":{"line":75,"column":5}},"27":{"start":{"line":71,"column":28},"end":{"line":71,"column":34}},"28":{"start":{"line":72,"column":28},"end":{"line":72,"column":34}},"29":{"start":{"line":73,"column":8},"end":{"line":73,"column":41}},"30":{"start":{"line":76,"column":4},"end":{"line":78,"column":5}},"31":{"start":{"line":77,"column":6},"end":{"line":77,"column":31}},"32":{"start":{"line":82,"column":19},"end":{"line":82,"column":71}},"33":{"start":{"line":82,"column":45},"end":{"line":82,"column":70}},"34":{"start":{"line":83,"column":4},"end":{"line":83,"column":73}},"35":{"start":{"line":88,"column":28},"end":{"line":92,"column":3}},"36":{"start":{"line":89,"column":30},"end":{"line":89,"column":48}},"37":{"start":{"line":90,"column":4},"end":{"line":90,"column":29}},"38":{"start":{"line":91,"column":4},"end":{"line":91,"column":87}},"39":{"start":{"line":94,"column":2},"end":{"line":153,"column":3}},"40":{"start":{"line":111,"column":76},"end":{"line":111,"column":99}},"41":{"start":{"line":112,"column":64},"end":{"line":112,"column":87}},"42":{"start":{"line":117,"column":8},"end":{"line":150,"column":15}}},"fnMap":{"0":{"name":"Catalogue","decl":{"start":{"line":22,"column":9},"end":{"line":22,"column":18}},"loc":{"start":{"line":22,"column":21},"end":{"line":154,"column":1}},"line":22},"1":{"name":"(anonymous_1)","decl":{"start":{"line":23,"column":30},"end":{"line":23,"column":31}},"loc":{"start":{"line":23,"column":41},"end":{"line":23,"column":62}},"line":23},"2":{"name":"(anonymous_2)","decl":{"start":{"line":24,"column":34},"end":{"line":24,"column":35}},"loc":{"start":{"line":24,"column":43},"end":{"line":24,"column":69}},"line":24},"3":{"name":"(anonymous_3)","decl":{"start":{"line":38,"column":18},"end":{"line":38,"column":19}},"loc":{"start":{"line":38,"column":24},"end":{"line":48,"column":3}},"line":38},"4":{"name":"(anonymous_4)","decl":{"start":{"line":41,"column":17},"end":{"line":41,"column":18}},"loc":{"start":{"line":41,"column":33},"end":{"line":45,"column":7}},"line":41},"5":{"name":"(anonymous_5)","decl":{"start":{"line":47,"column":11},"end":{"line":47,"column":12}},"loc":{"start":{"line":47,"column":17},"end":{"line":47,"column":19}},"line":47},"6":{"name":"(anonymous_6)","decl":{"start":{"line":50,"column":18},"end":{"line":50,"column":19}},"loc":{"start":{"line":50,"column":24},"end":{"line":52,"column":3}},"line":50},"7":{"name":"(anonymous_7)","decl":{"start":{"line":55,"column":22},"end":{"line":55,"column":23}},"loc":{"start":{"line":55,"column":51},"end":{"line":63,"column":3}},"line":55},"8":{"name":"(anonymous_8)","decl":{"start":{"line":57,"column":20},"end":{"line":57,"column":21}},"loc":{"start":{"line":57,"column":34},"end":{"line":61,"column":5}},"line":57},"9":{"name":"(anonymous_9)","decl":{"start":{"line":68,"column":26},"end":{"line":68,"column":27}},"loc":{"start":{"line":68,"column":61},"end":{"line":79,"column":3}},"line":68},"10":{"name":"(anonymous_10)","decl":{"start":{"line":70,"column":15},"end":{"line":70,"column":16}},"loc":{"start":{"line":70,"column":39},"end":{"line":74,"column":7}},"line":70},"11":{"name":"Trieraveclestri","decl":{"start":{"line":81,"column":11},"end":{"line":81,"column":26}},"loc":{"start":{"line":81,"column":34},"end":{"line":84,"column":3}},"line":81},"12":{"name":"(anonymous_12)","decl":{"start":{"line":82,"column":34},"end":{"line":82,"column":35}},"loc":{"start":{"line":82,"column":45},"end":{"line":82,"column":70}},"line":82},"13":{"name":"(anonymous_13)","decl":{"start":{"line":88,"column":28},"end":{"line":88,"column":29}},"loc":{"start":{"line":88,"column":63},"end":{"line":92,"column":3}},"line":88},"14":{"name":"(anonymous_14)","decl":{"start":{"line":111,"column":53},"end":{"line":111,"column":54}},"loc":{"start":{"line":111,"column":76},"end":{"line":111,"column":99}},"line":111},"15":{"name":"(anonymous_15)","decl":{"start":{"line":112,"column":41},"end":{"line":112,"column":42}},"loc":{"start":{"line":112,"column":64},"end":{"line":112,"column":87}},"line":112},"16":{"name":"(anonymous_16)","decl":{"start":{"line":116,"column":19},"end":{"line":116,"column":20}},"loc":{"start":{"line":117,"column":8},"end":{"line":150,"column":15}},"line":117}},"branchMap":{"0":{"loc":{"start":{"line":58,"column":6},"end":{"line":60,"column":7}},"type":"if","locations":[{"start":{"line":58,"column":6},"end":{"line":60,"column":7}},{"start":{},"end":{}}],"line":58},"1":{"loc":{"start":{"line":76,"column":4},"end":{"line":78,"column":5}},"type":"if","locations":[{"start":{"line":76,"column":4},"end":{"line":78,"column":5}},{"start":{},"end":{}}],"line":76},"2":{"loc":{"start":{"line":83,"column":4},"end":{"line":83,"column":73}},"type":"cond-expr","locations":[{"start":{"line":83,"column":23},"end":{"line":83,"column":46}},{"start":{"line":83,"column":49},"end":{"line":83,"column":73}}],"line":83},"3":{"loc":{"start":{"line":91,"column":4},"end":{"line":91,"column":87}},"type":"cond-expr","locations":[{"start":{"line":91,"column":25},"end":{"line":91,"column":54}},{"start":{"line":91,"column":57},"end":{"line":91,"column":87}}],"line":91},"4":{"loc":{"start":{"line":133,"column":21},"end":{"line":133,"column":93}},"type":"cond-expr","locations":[{"start":{"line":133,"column":54},"end":{"line":133,"column":90}},{"start":{"line":133,"column":91},"end":{"line":133,"column":93}}],"line":133}},"s":{"0":0,"1":0,"2":0,"3":0,"4":0,"5":0,"6":0,"7":0,"8":0,"9":0,"10":0,"11":0,"12":0,"13":0,"14":0,"15":0,"16":0,"17":0,"18":0,"19":0,"20":0,"21":0,"22":0,"23":0,"24":0,"25":0,"26":0,"27":0,"28":0,"29":0,"30":0,"31":0,"32":0,"33":0,"34":0,"35":0,"36":0,"37":0,"38":0,"39":0,"40":0,"41":0,"42":0},"f":{"0":0,"1":0,"2":0,"3":0,"4":0,"5":0,"6":0,"7":0,"8":0,"9":0,"10":0,"11":0,"12":0,"13":0,"14":0,"15":0,"16":0},"b":{"0":[0,0],"1":[0,0],"2":[0,0],"3":[0,0],"4":[0,0]},"_coverageSchema":"1a1c01bbd47fc00a2c39e90264f33305004495a9","hash":"5313c48c0f559dd86a4e66a91f1dd582a9fb93c6"}
,"/home/stinky/Documents/Cours/Projets_S7/M1_WebAvancee_Projet/frontend/src/pages/CharteUtilisation.tsx": {"path":"/home/stinky/Documents/Cours/Projets_S7/M1_WebAvancee_Projet/frontend/src/pages/CharteUtilisation.tsx","statementMap":{"0":{"start":{"line":5,"column":26},"end":{"line":119,"column":1}},"1":{"start":{"line":6,"column":4},"end":{"line":118,"column":5}}},"fnMap":{"0":{"name":"(anonymous_0)","decl":{"start":{"line":5,"column":26},"end":{"line":5,"column":27}},"loc":{"start":{"line":5,"column":32},"end":{"line":119,"column":1}},"line":5}},"branchMap":{},"s":{"0":1,"1":0},"f":{"0":0},"b":{},"_coverageSchema":"1a1c01bbd47fc00a2c39e90264f33305004495a9","hash":"10d9358f39b3654e01d2bafe08c18cd466738558"}
,"/home/stinky/Documents/Cours/Projets_S7/M1_WebAvancee_Projet/frontend/src/pages/Contact.tsx": {"path":"/home/stinky/Documents/Cours/Projets_S7/M1_WebAvancee_Projet/frontend/src/pages/Contact.tsx","statementMap":{"0":{"start":{"line":9,"column":16},"end":{"line":88,"column":1}},"1":{"start":{"line":10,"column":26},"end":{"line":10,"column":56}},"2":{"start":{"line":12,"column":26},"end":{"line":14,"column":3}},"3":{"start":{"line":13,"column":4},"end":{"line":13,"column":17}},"4":{"start":{"line":16,"column":22},"end":{"line":18,"column":3}},"5":{"start":{"line":17,"column":4},"end":{"line":17,"column":18}},"6":{"start":{"line":20,"column":2},"end":{"line":87,"column":3}},"7":{"start":{"line":74,"column":22},"end":{"line":74,"column":36}}},"fnMap":{"0":{"name":"(anonymous_0)","decl":{"start":{"line":9,"column":16},"end":{"line":9,"column":17}},"loc":{"start":{"line":9,"column":22},"end":{"line":88,"column":1}},"line":9},"1":{"name":"(anonymous_1)","decl":{"start":{"line":12,"column":26},"end":{"line":12,"column":27}},"loc":{"start":{"line":12,"column":37},"end":{"line":14,"column":3}},"line":12},"2":{"name":"(anonymous_2)","decl":{"start":{"line":16,"column":22},"end":{"line":16,"column":23}},"loc":{"start":{"line":16,"column":33},"end":{"line":18,"column":3}},"line":16},"3":{"name":"(anonymous_3)","decl":{"start":{"line":73,"column":29},"end":{"line":73,"column":30}},"loc":{"start":{"line":73,"column":35},"end":{"line":75,"column":21}},"line":73}},"branchMap":{},"s":{"0":1,"1":0,"2":0,"3":0,"4":0,"5":0,"6":0,"7":0},"f":{"0":0,"1":0,"2":0,"3":0},"b":{},"_coverageSchema":"1a1c01bbd47fc00a2c39e90264f33305004495a9","hash":"224e3debc5d4b5ea5c14601278024aa7f8723978"}
,"/home/stinky/Documents/Cours/Projets_S7/M1_WebAvancee_Projet/frontend/src/pages/HomePage.tsx": {"path":"/home/stinky/Documents/Cours/Projets_S7/M1_WebAvancee_Projet/frontend/src/pages/HomePage.tsx","statementMap":{"0":{"start":{"line":16,"column":15},"end":{"line":16,"column":63}},"1":{"start":{"line":16,"column":41},"end":{"line":16,"column":62}},"2":{"start":{"line":17,"column":19},"end":{"line":17,"column":70}},"3":{"start":{"line":17,"column":43},"end":{"line":17,"column":69}},"4":{"start":{"line":18,"column":23},"end":{"line":18,"column":50}},"5":{"start":{"line":19,"column":26},"end":{"line":19,"column":65}},"6":{"start":{"line":19,"column":45},"end":{"line":19,"column":64}},"7":{"start":{"line":20,"column":24},"end":{"line":20,"column":44}},"8":{"start":{"line":21,"column":30},"end":{"line":21,"column":56}},"9":{"start":{"line":23,"column":27},"end":{"line":28,"column":3}},"10":{"start":{"line":24,"column":4},"end":{"line":26,"column":5}},"11":{"start":{"line":25,"column":6},"end":{"line":25,"column":21}},"12":{"start":{"line":27,"column":4},"end":{"line":27,"column":90}},"13":{"start":{"line":27,"column":36},"end":{"line":27,"column":89}},"14":{"start":{"line":30,"column":31},"end":{"line":30,"column":65}},"15":{"start":{"line":32,"column":2},"end":{"line":64,"column":3}},"16":{"start":{"line":37,"column":42},"end":{"line":37,"column":67}},"17":{"start":{"line":39,"column":8},"end":{"line":61,"column":15}}},"fnMap":{"0":{"name":"HomePage","decl":{"start":{"line":15,"column":9},"end":{"line":15,"column":17}},"loc":{"start":{"line":15,"column":20},"end":{"line":65,"column":1}},"line":15},"1":{"name":"(anonymous_1)","decl":{"start":{"line":16,"column":30},"end":{"line":16,"column":31}},"loc":{"start":{"line":16,"column":41},"end":{"line":16,"column":62}},"line":16},"2":{"name":"(anonymous_2)","decl":{"start":{"line":17,"column":34},"end":{"line":17,"column":35}},"loc":{"start":{"line":17,"column":43},"end":{"line":17,"column":69}},"line":17},"3":{"name":"(anonymous_3)","decl":{"start":{"line":19,"column":39},"end":{"line":19,"column":40}},"loc":{"start":{"line":19,"column":45},"end":{"line":19,"column":64}},"line":19},"4":{"name":"(anonymous_4)","decl":{"start":{"line":23,"column":27},"end":{"line":23,"column":28}},"loc":{"start":{"line":23,"column":67},"end":{"line":28,"column":3}},"line":23},"5":{"name":"(anonymous_5)","decl":{"start":{"line":27,"column":26},"end":{"line":27,"column":27}},"loc":{"start":{"line":27,"column":36},"end":{"line":27,"column":89}},"line":27},"6":{"name":"(anonymous_6)","decl":{"start":{"line":37,"column":35},"end":{"line":37,"column":36}},"loc":{"start":{"line":37,"column":42},"end":{"line":37,"column":67}},"line":37},"7":{"name":"(anonymous_7)","decl":{"start":{"line":38,"column":25},"end":{"line":38,"column":26}},"loc":{"start":{"line":39,"column":8},"end":{"line":61,"column":15}},"line":39}},"branchMap":{"0":{"loc":{"start":{"line":24,"column":4},"end":{"line":26,"column":5}},"type":"if","locations":[{"start":{"line":24,"column":4},"end":{"line":26,"column":5}},{"start":{},"end":{}}],"line":24}},"s":{"0":5,"1":0,"2":0,"3":0,"4":0,"5":0,"6":0,"7":0,"8":0,"9":0,"10":0,"11":0,"12":0,"13":0,"14":0,"15":0,"16":0,"17":0},"f":{"0":5,"1":0,"2":0,"3":0,"4":0,"5":0,"6":0,"7":0},"b":{"0":[0,0]},"_coverageSchema":"1a1c01bbd47fc00a2c39e90264f33305004495a9","hash":"250e139e20d15f23ce8d5cb96b93b18f62df8902"}
,"/home/stinky/Documents/Cours/Projets_S7/M1_WebAvancee_Projet/frontend/src/pages/Login.tsx": {"path":"/home/stinky/Documents/Cours/Projets_S7/M1_WebAvancee_Projet/frontend/src/pages/Login.tsx","statementMap":{"0":{"start":{"line":21,"column":2},"end":{"line":30,"column":3}},"1":{"start":{"line":33,"column":14},"end":{"line":33,"column":27}},"2":{"start":{"line":36,"column":28},"end":{"line":36,"column":48}},"3":{"start":{"line":37,"column":34},"end":{"line":37,"column":54}},"4":{"start":{"line":38,"column":36},"end":{"line":38,"column":49}},"5":{"start":{"line":39,"column":36},"end":{"line":39,"column":60}},"6":{"start":{"line":40,"column":33},"end":{"line":40,"column":53}},"7":{"start":{"line":42,"column":2},"end":{"line":47,"column":4}},"8":{"start":{"line":43,"column":4},"end":{"line":46,"column":5}},"9":{"start":{"line":44,"column":6},"end":{"line":44,"column":34}},"10":{"start":{"line":50,"column":15},"end":{"line":50,"column":34}},"11":{"start":{"line":51,"column":22},"end":{"line":58,"column":6}},"12":{"start":{"line":59,"column":4},"end":{"line":59,"column":32}},"13":{"start":{"line":60,"column":4},"end":{"line":66,"column":5}},"14":{"start":{"line":61,"column":6},"end":{"line":61,"column":63}},"15":{"start":{"line":62,"column":6},"end":{"line":62,"column":19}},"16":{"start":{"line":64,"column":6},"end":{"line":64,"column":46}},"17":{"start":{"line":65,"column":6},"end":{"line":65,"column":24}},"18":{"start":{"line":68,"column":2},"end":{"line":144,"column":3}},"19":{"start":{"line":70,"column":68},"end":{"line":70,"column":87}},"20":{"start":{"line":84,"column":16},"end":{"line":84,"column":85}},"21":{"start":{"line":114,"column":35},"end":{"line":114,"column":59}},"22":{"start":{"line":125,"column":35},"end":{"line":125,"column":62}}},"fnMap":{"0":{"name":"Copyright","decl":{"start":{"line":20,"column":9},"end":{"line":20,"column":18}},"loc":{"start":{"line":20,"column":44},"end":{"line":31,"column":1}},"line":20},"1":{"name":"Login","decl":{"start":{"line":35,"column":9},"end":{"line":35,"column":14}},"loc":{"start":{"line":35,"column":30},"end":{"line":145,"column":1}},"line":35},"2":{"name":"(anonymous_2)","decl":{"start":{"line":42,"column":12},"end":{"line":42,"column":13}},"loc":{"start":{"line":42,"column":18},"end":{"line":47,"column":3}},"line":42},"3":{"name":"connexion","decl":{"start":{"line":49,"column":17},"end":{"line":49,"column":26}},"loc":{"start":{"line":49,"column":44},"end":{"line":67,"column":3}},"line":49},"4":{"name":"(anonymous_4)","decl":{"start":{"line":70,"column":55},"end":{"line":70,"column":56}},"loc":{"start":{"line":70,"column":68},"end":{"line":70,"column":87}},"line":70},"5":{"name":"(anonymous_5)","decl":{"start":{"line":83,"column":31},"end":{"line":83,"column":32}},"loc":{"start":{"line":84,"column":16},"end":{"line":84,"column":85}},"line":84},"6":{"name":"(anonymous_6)","decl":{"start":{"line":114,"column":28},"end":{"line":114,"column":29}},"loc":{"start":{"line":114,"column":35},"end":{"line":114,"column":59}},"line":114},"7":{"name":"(anonymous_7)","decl":{"start":{"line":125,"column":28},"end":{"line":125,"column":29}},"loc":{"start":{"line":125,"column":35},"end":{"line":125,"column":62}},"line":125}},"branchMap":{"0":{"loc":{"start":{"line":43,"column":4},"end":{"line":46,"column":5}},"type":"if","locations":[{"start":{"line":43,"column":4},"end":{"line":46,"column":5}},{"start":{},"end":{}}],"line":43},"1":{"loc":{"start":{"line":60,"column":4},"end":{"line":66,"column":5}},"type":"if","locations":[{"start":{"line":60,"column":4},"end":{"line":66,"column":5}},{"start":{"line":63,"column":11},"end":{"line":66,"column":5}}],"line":60},"2":{"loc":{"start":{"line":60,"column":8},"end":{"line":60,"column":40}},"type":"binary-expr","locations":[{"start":{"line":60,"column":8},"end":{"line":60,"column":21}},{"start":{"line":60,"column":25},"end":{"line":60,"column":40}}],"line":60},"3":{"loc":{"start":{"line":84,"column":16},"end":{"line":84,"column":85}},"type":"cond-expr","locations":[{"start":{"line":84,"column":45},"end":{"line":84,"column":63}},{"start":{"line":84,"column":66},"end":{"line":84,"column":85}}],"line":84}},"s":{"0":0,"1":1,"2":0,"3":0,"4":0,"5":0,"6":0,"7":0,"8":0,"9":0,"10":0,"11":0,"12":0,"13":0,"14":0,"15":0,"16":0,"17":0,"18":0,"19":0,"20":0,"21":0,"22":0},"f":{"0":0,"1":0,"2":0,"3":0,"4":0,"5":0,"6":0,"7":0},"b":{"0":[0,0],"1":[0,0],"2":[0,0],"3":[0,0]},"_coverageSchema":"1a1c01bbd47fc00a2c39e90264f33305004495a9","hash":"be1d1b15462a1501a78d3348b88bcd8d6a60f9f5"}
,"/home/stinky/Documents/Cours/Projets_S7/M1_WebAvancee_Projet/frontend/src/pages/Profile.tsx": {"path":"/home/stinky/Documents/Cours/Projets_S7/M1_WebAvancee_Projet/frontend/src/pages/Profile.tsx","statementMap":{"0":{"start":{"line":9,"column":40},"end":{"line":9,"column":60}},"1":{"start":{"line":10,"column":46},"end":{"line":10,"column":66}},"2":{"start":{"line":11,"column":36},"end":{"line":11,"column":60}},"3":{"start":{"line":12,"column":34},"end":{"line":12,"column":56}},"4":{"start":{"line":13,"column":41},"end":{"line":13,"column":65}},"5":{"start":{"line":14,"column":38},"end":{"line":14,"column":59}},"6":{"start":{"line":15,"column":40},"end":{"line":15,"column":62}},"7":{"start":{"line":16,"column":32},"end":{"line":16,"column":55}},"8":{"start":{"line":17,"column":32},"end":{"line":17,"column":56}},"9":{"start":{"line":18,"column":38},"end":{"line":18,"column":57}},"10":{"start":{"line":20,"column":2},"end":{"line":23,"column":8}},"11":{"start":{"line":21,"column":4},"end":{"line":21,"column":13}},"12":{"start":{"line":22,"column":4},"end":{"line":22,"column":14}},"13":{"start":{"line":25,"column":2},"end":{"line":29,"column":19}},"14":{"start":{"line":26,"column":4},"end":{"line":28,"column":5}},"15":{"start":{"line":27,"column":6},"end":{"line":27,"column":18}},"16":{"start":{"line":32,"column":23},"end":{"line":32,"column":74}},"17":{"start":{"line":33,"column":22},"end":{"line":39,"column":6}},"18":{"start":{"line":41,"column":4},"end":{"line":41,"column":32}},"19":{"start":{"line":42,"column":4},"end":{"line":42,"column":30}},"20":{"start":{"line":43,"column":4},"end":{"line":43,"column":25}},"21":{"start":{"line":46,"column":19},"end":{"line":57,"column":3}},"22":{"start":{"line":47,"column":22},"end":{"line":47,"column":73}},"23":{"start":{"line":48,"column":22},"end":{"line":54,"column":6}},"24":{"start":{"line":55,"column":4},"end":{"line":55,"column":32}},"25":{"start":{"line":56,"column":4},"end":{"line":56,"column":44}},"26":{"start":{"line":59,"column":21},"end":{"line":70,"column":3}},"27":{"start":{"line":60,"column":22},"end":{"line":66,"column":6}},"28":{"start":{"line":67,"column":4},"end":{"line":67,"column":32}},"29":{"start":{"line":68,"column":4},"end":{"line":68,"column":27}},"30":{"start":{"line":69,"column":4},"end":{"line":69,"column":31}},"31":{"start":{"line":73,"column":4},"end":{"line":86,"column":5}},"32":{"start":{"line":74,"column":29},"end":{"line":74,"column":40}},"33":{"start":{"line":75,"column":24},"end":{"line":75,"column":75}},"34":{"start":{"line":76,"column":17},"end":{"line":76,"column":38}},"35":{"start":{"line":77,"column":24},"end":{"line":84,"column":8}},"36":{"start":{"line":85,"column":6},"end":{"line":85,"column":34}},"37":{"start":{"line":90,"column":4},"end":{"line":100,"column":5}},"38":{"start":{"line":91,"column":14},"end":{"line":91,"column":59}},"39":{"start":{"line":91,"column":45},"end":{"line":91,"column":58}},"40":{"start":{"line":92,"column":6},"end":{"line":92,"column":72}},"41":{"start":{"line":93,"column":6},"end":{"line":93,"column":52}},"42":{"start":{"line":94,"column":6},"end":{"line":94,"column":20}},"43":{"start":{"line":96,"column":19},"end":{"line":96,"column":84}},"44":{"start":{"line":96,"column":70},"end":{"line":96,"column":83}},"45":{"start":{"line":97,"column":19},"end":{"line":97,"column":78}},"46":{"start":{"line":97,"column":64},"end":{"line":97,"column":77}},"47":{"start":{"line":98,"column":6},"end":{"line":98,"column":25}},"48":{"start":{"line":99,"column":6},"end":{"line":99,"column":52}},"49":{"start":{"line":101,"column":4},"end":{"line":101,"column":20}},"50":{"start":{"line":104,"column":2},"end":{"line":164,"column":3}},"51":{"start":{"line":116,"column":16},"end":{"line":121,"column":21}},"52":{"start":{"line":119,"column":43},"end":{"line":119,"column":69}},"53":{"start":{"line":133,"column":20},"end":{"line":138,"column":25}},"54":{"start":{"line":136,"column":47},"end":{"line":136,"column":72}},"55":{"start":{"line":151,"column":27},"end":{"line":151,"column":57}},"56":{"start":{"line":156,"column":27},"end":{"line":156,"column":60}}},"fnMap":{"0":{"name":"Profile","decl":{"start":{"line":8,"column":9},"end":{"line":8,"column":16}},"loc":{"start":{"line":8,"column":19},"end":{"line":165,"column":1}},"line":8},"1":{"name":"(anonymous_1)","decl":{"start":{"line":20,"column":12},"end":{"line":20,"column":13}},"loc":{"start":{"line":20,"column":18},"end":{"line":23,"column":3}},"line":20},"2":{"name":"(anonymous_2)","decl":{"start":{"line":25,"column":12},"end":{"line":25,"column":13}},"loc":{"start":{"line":25,"column":18},"end":{"line":29,"column":3}},"line":25},"3":{"name":"isAdmin","decl":{"start":{"line":31,"column":17},"end":{"line":31,"column":24}},"loc":{"start":{"line":31,"column":42},"end":{"line":44,"column":3}},"line":31},"4":{"name":"(anonymous_4)","decl":{"start":{"line":46,"column":19},"end":{"line":46,"column":20}},"loc":{"start":{"line":46,"column":45},"end":{"line":57,"column":3}},"line":46},"5":{"name":"(anonymous_5)","decl":{"start":{"line":59,"column":21},"end":{"line":59,"column":22}},"loc":{"start":{"line":59,"column":47},"end":{"line":70,"column":3}},"line":59},"6":{"name":"ChangePassword","decl":{"start":{"line":72,"column":17},"end":{"line":72,"column":31}},"loc":{"start":{"line":72,"column":49},"end":{"line":87,"column":3}},"line":72},"7":{"name":"PrintMyPdf","decl":{"start":{"line":89,"column":17},"end":{"line":89,"column":27}},"loc":{"start":{"line":89,"column":70},"end":{"line":102,"column":3}},"line":89},"8":{"name":"(anonymous_8)","decl":{"start":{"line":91,"column":30},"end":{"line":91,"column":31}},"loc":{"start":{"line":91,"column":45},"end":{"line":91,"column":58}},"line":91},"9":{"name":"(anonymous_9)","decl":{"start":{"line":96,"column":55},"end":{"line":96,"column":56}},"loc":{"start":{"line":96,"column":70},"end":{"line":96,"column":83}},"line":96},"10":{"name":"(anonymous_10)","decl":{"start":{"line":97,"column":49},"end":{"line":97,"column":50}},"loc":{"start":{"line":97,"column":64},"end":{"line":97,"column":77}},"line":97},"11":{"name":"(anonymous_11)","decl":{"start":{"line":115,"column":27},"end":{"line":115,"column":28}},"loc":{"start":{"line":116,"column":16},"end":{"line":121,"column":21}},"line":116},"12":{"name":"(anonymous_12)","decl":{"start":{"line":119,"column":37},"end":{"line":119,"column":38}},"loc":{"start":{"line":119,"column":43},"end":{"line":119,"column":69}},"line":119},"13":{"name":"(anonymous_13)","decl":{"start":{"line":132,"column":51},"end":{"line":132,"column":52}},"loc":{"start":{"line":133,"column":20},"end":{"line":138,"column":25}},"line":133},"14":{"name":"(anonymous_14)","decl":{"start":{"line":136,"column":41},"end":{"line":136,"column":42}},"loc":{"start":{"line":136,"column":47},"end":{"line":136,"column":72}},"line":136},"15":{"name":"(anonymous_15)","decl":{"start":{"line":151,"column":20},"end":{"line":151,"column":21}},"loc":{"start":{"line":151,"column":27},"end":{"line":151,"column":57}},"line":151},"16":{"name":"(anonymous_16)","decl":{"start":{"line":156,"column":20},"end":{"line":156,"column":21}},"loc":{"start":{"line":156,"column":27},"end":{"line":156,"column":60}},"line":156}},"branchMap":{"0":{"loc":{"start":{"line":26,"column":4},"end":{"line":28,"column":5}},"type":"if","locations":[{"start":{"line":26,"column":4},"end":{"line":28,"column":5}},{"start":{},"end":{}}],"line":26},"1":{"loc":{"start":{"line":32,"column":34},"end":{"line":32,"column":73}},"type":"binary-expr","locations":[{"start":{"line":32,"column":34},"end":{"line":32,"column":67}},{"start":{"line":32,"column":71},"end":{"line":32,"column":73}}],"line":32},"2":{"loc":{"start":{"line":47,"column":33},"end":{"line":47,"column":72}},"type":"binary-expr","locations":[{"start":{"line":47,"column":33},"end":{"line":47,"column":66}},{"start":{"line":47,"column":70},"end":{"line":47,"column":72}}],"line":47},"3":{"loc":{"start":{"line":73,"column":4},"end":{"line":86,"column":5}},"type":"if","locations":[{"start":{"line":73,"column":4},"end":{"line":86,"column":5}},{"start":{},"end":{}}],"line":73},"4":{"loc":{"start":{"line":75,"column":35},"end":{"line":75,"column":74}},"type":"binary-expr","locations":[{"start":{"line":75,"column":35},"end":{"line":75,"column":68}},{"start":{"line":75,"column":72},"end":{"line":75,"column":74}}],"line":75},"5":{"loc":{"start":{"line":90,"column":4},"end":{"line":100,"column":5}},"type":"if","locations":[{"start":{"line":90,"column":4},"end":{"line":100,"column":5}},{"start":{"line":95,"column":11},"end":{"line":100,"column":5}}],"line":90},"6":{"loc":{"start":{"line":92,"column":31},"end":{"line":92,"column":70}},"type":"binary-expr","locations":[{"start":{"line":92,"column":31},"end":{"line":92,"column":64}},{"start":{"line":92,"column":68},"end":{"line":92,"column":70}}],"line":92},"7":{"loc":{"start":{"line":114,"column":11},"end":{"line":123,"column":19}},"type":"cond-expr","locations":[{"start":{"line":115,"column":14},"end":{"line":122,"column":16}},{"start":{"line":123,"column":14},"end":{"line":123,"column":19}}],"line":114},"8":{"loc":{"start":{"line":126,"column":7},"end":{"line":146,"column":7}},"type":"cond-expr","locations":[{"start":{"line":127,"column":8},"end":{"line":143,"column":14}},{"start":{"line":145,"column":8},"end":{"line":145,"column":10}}],"line":126},"9":{"loc":{"start":{"line":131,"column":15},"end":{"line":140,"column":23}},"type":"cond-expr","locations":[{"start":{"line":132,"column":18},"end":{"line":139,"column":20}},{"start":{"line":140,"column":18},"end":{"line":140,"column":23}}],"line":131}},"s":{"0":0,"1":0,"2":0,"3":0,"4":0,"5":0,"6":0,"7":0,"8":0,"9":0,"10":0,"11":0,"12":0,"13":0,"14":0,"15":0,"16":0,"17":0,"18":0,"19":0,"20":0,"21":0,"22":0,"23":0,"24":0,"25":0,"26":0,"27":0,"28":0,"29":0,"30":0,"31":0,"32":0,"33":0,"34":0,"35":0,"36":0,"37":0,"38":0,"39":0,"40":0,"41":0,"42":0,"43":0,"44":0,"45":0,"46":0,"47":0,"48":0,"49":0,"50":0,"51":0,"52":0,"53":0,"54":0,"55":0,"56":0},"f":{"0":0,"1":0,"2":0,"3":0,"4":0,"5":0,"6":0,"7":0,"8":0,"9":0,"10":0,"11":0,"12":0,"13":0,"14":0,"15":0,"16":0},"b":{"0":[0,0],"1":[0,0],"2":[0,0],"3":[0,0],"4":[0,0],"5":[0,0],"6":[0,0],"7":[0,0],"8":[0,0],"9":[0,0]},"_coverageSchema":"1a1c01bbd47fc00a2c39e90264f33305004495a9","hash":"6c7b8fc5cde5380e7b1593aed7603a97e208b395"}
,"/home/stinky/Documents/Cours/Projets_S7/M1_WebAvancee_Projet/frontend/src/pages/Register.tsx": {"path":"/home/stinky/Documents/Cours/Projets_S7/M1_WebAvancee_Projet/frontend/src/pages/Register.tsx","statementMap":{"0":{"start":{"line":20,"column":2},"end":{"line":29,"column":3}},"1":{"start":{"line":32,"column":14},"end":{"line":32,"column":27}},"2":{"start":{"line":35,"column":38},"end":{"line":35,"column":58}},"3":{"start":{"line":36,"column":36},"end":{"line":36,"column":56}},"4":{"start":{"line":37,"column":34},"end":{"line":37,"column":54}},"5":{"start":{"line":38,"column":28},"end":{"line":38,"column":48}},"6":{"start":{"line":39,"column":24},"end":{"line":39,"column":37}},"7":{"start":{"line":40,"column":36},"end":{"line":40,"column":60}},"8":{"start":{"line":41,"column":33},"end":{"line":41,"column":53}},"9":{"start":{"line":44,"column":15},"end":{"line":44,"column":57}},"10":{"start":{"line":46,"column":22},"end":{"line":53,"column":6}},"11":{"start":{"line":55,"column":4},"end":{"line":55,"column":32}},"12":{"start":{"line":56,"column":4},"end":{"line":62,"column":5}},"13":{"start":{"line":57,"column":6},"end":{"line":57,"column":63}},"14":{"start":{"line":58,"column":6},"end":{"line":58,"column":19}},"15":{"start":{"line":60,"column":6},"end":{"line":60,"column":55}},"16":{"start":{"line":61,"column":6},"end":{"line":61,"column":24}},"17":{"start":{"line":64,"column":2},"end":{"line":146,"column":3}},"18":{"start":{"line":66,"column":68},"end":{"line":66,"column":87}},"19":{"start":{"line":93,"column":35},"end":{"line":93,"column":64}},"20":{"start":{"line":104,"column":35},"end":{"line":104,"column":63}},"21":{"start":{"line":115,"column":35},"end":{"line":115,"column":59}},"22":{"start":{"line":127,"column":35},"end":{"line":127,"column":62}}},"fnMap":{"0":{"name":"Copyright","decl":{"start":{"line":19,"column":9},"end":{"line":19,"column":18}},"loc":{"start":{"line":19,"column":43},"end":{"line":30,"column":1}},"line":19},"1":{"name":"Register","decl":{"start":{"line":34,"column":9},"end":{"line":34,"column":17}},"loc":{"start":{"line":34,"column":20},"end":{"line":147,"column":1}},"line":34},"2":{"name":"signup","decl":{"start":{"line":43,"column":17},"end":{"line":43,"column":23}},"loc":{"start":{"line":43,"column":41},"end":{"line":63,"column":3}},"line":43},"3":{"name":"(anonymous_3)","decl":{"start":{"line":66,"column":55},"end":{"line":66,"column":56}},"loc":{"start":{"line":66,"column":68},"end":{"line":66,"column":87}},"line":66},"4":{"name":"(anonymous_4)","decl":{"start":{"line":93,"column":28},"end":{"line":93,"column":29}},"loc":{"start":{"line":93,"column":35},"end":{"line":93,"column":64}},"line":93},"5":{"name":"(anonymous_5)","decl":{"start":{"line":104,"column":28},"end":{"line":104,"column":29}},"loc":{"start":{"line":104,"column":35},"end":{"line":104,"column":63}},"line":104},"6":{"name":"(anonymous_6)","decl":{"start":{"line":115,"column":28},"end":{"line":115,"column":29}},"loc":{"start":{"line":115,"column":35},"end":{"line":115,"column":59}},"line":115},"7":{"name":"(anonymous_7)","decl":{"start":{"line":127,"column":28},"end":{"line":127,"column":29}},"loc":{"start":{"line":127,"column":35},"end":{"line":127,"column":62}},"line":127}},"branchMap":{"0":{"loc":{"start":{"line":56,"column":4},"end":{"line":62,"column":5}},"type":"if","locations":[{"start":{"line":56,"column":4},"end":{"line":62,"column":5}},{"start":{"line":59,"column":11},"end":{"line":62,"column":5}}],"line":56},"1":{"loc":{"start":{"line":56,"column":8},"end":{"line":56,"column":40}},"type":"binary-expr","locations":[{"start":{"line":56,"column":8},"end":{"line":56,"column":21}},{"start":{"line":56,"column":25},"end":{"line":56,"column":40}}],"line":56}},"s":{"0":0,"1":1,"2":0,"3":0,"4":0,"5":0,"6":0,"7":0,"8":0,"9":0,"10":0,"11":0,"12":0,"13":0,"14":0,"15":0,"16":0,"17":0,"18":0,"19":0,"20":0,"21":0,"22":0},"f":{"0":0,"1":0,"2":0,"3":0,"4":0,"5":0,"6":0,"7":0},"b":{"0":[0,0],"1":[0,0]},"_coverageSchema":"1a1c01bbd47fc00a2c39e90264f33305004495a9","hash":"0e697bb01e3394c9f17be9061acb05cd2cee29a5"}
}
