TN:
SF:src/App.tsx
FN:22,App
FNF:1
FNH:1
FNDA:3,App
DA:23,3
LF:1
LH:1
BRF:0
BRH:0
end_of_record
TN:
SF:src/app/hooks.ts
FN:6,(anonymous_0)
FNF:1
FNH:0
FNDA:0,(anonymous_0)
DA:5,1
DA:6,1
LF:2
LH:2
BRF:0
BRH:0
end_of_record
TN:
SF:src/components/Devis.tsx
FN:18,Devis
FN:23,(anonymous_1)
FN:28,(anonymous_2)
FN:44,totalPriceHT
FN:46,(anonymous_4)
FN:52,totalPriceTTC
FN:54,(anonymous_6)
FN:60,getRandomInt
FN:106,(anonymous_8)
FNF:9
FNH:8
FNDA:2,Devis
FNDA:1,(anonymous_1)
FNDA:1,(anonymous_2)
FNDA:1,totalPriceHT
FNDA:2,(anonymous_4)
FNDA:1,totalPriceTTC
FNDA:2,(anonymous_6)
FNDA:0,getRandomInt
FNDA:2,(anonymous_8)
DA:19,2
DA:20,1
DA:21,1
DA:23,1
DA:24,1
DA:25,1
DA:28,1
DA:29,1
DA:30,1
DA:31,1
DA:37,1
DA:41,1
DA:45,1
DA:46,1
DA:47,2
DA:49,1
DA:53,1
DA:54,1
DA:55,2
DA:57,1
DA:61,0
DA:62,0
DA:63,0
DA:66,1
DA:107,2
LF:25
LH:22
BRDA:29,0,0,1
BRDA:29,0,1,0
BRDA:70,1,0,1
BRDA:70,1,1,0
BRDA:70,2,0,1
BRDA:70,2,1,1
BRF:6
BRH:4
end_of_record
TN:
SF:src/components/Footer.tsx
FN:11,(anonymous_0)
FN:25,(anonymous_1)
FNF:2
FNH:1
FNDA:3,(anonymous_0)
FNDA:0,(anonymous_1)
DA:11,1
DA:12,3
DA:13,2
DA:26,0
LF:4
LH:3
BRF:0
BRH:0
end_of_record
TN:
SF:src/components/Header.tsx
FN:12,(anonymous_0)
FN:15,(anonymous_1)
FN:21,(anonymous_2)
FN:29,(anonymous_3)
FNF:4
FNH:1
FNDA:2,(anonymous_0)
FNDA:0,(anonymous_1)
FNDA:0,(anonymous_2)
FNDA:0,(anonymous_3)
DA:12,1
DA:13,2
DA:15,2
DA:16,0
DA:18,2
DA:19,2
DA:20,2
DA:21,2
DA:22,0
DA:23,0
DA:24,0
DA:25,0
DA:29,2
DA:30,0
DA:31,0
DA:32,0
DA:34,2
LF:17
LH:9
BRDA:22,0,0,0
BRDA:22,0,1,0
BRDA:24,1,0,0
BRDA:24,1,1,0
BRDA:56,2,0,2
BRDA:56,2,1,0
BRDA:65,3,0,2
BRDA:65,3,1,0
BRF:8
BRH:2
end_of_record
TN:
SF:src/components/PopUp.tsx
FN:6,(anonymous_0)
FN:9,(anonymous_1)
FN:13,(anonymous_2)
FN:17,(anonymous_3)
FNF:4
FNH:0
FNDA:0,(anonymous_0)
FNDA:0,(anonymous_1)
FNDA:0,(anonymous_2)
FNDA:0,(anonymous_3)
DA:6,1
DA:7,0
DA:9,0
DA:10,0
DA:13,0
DA:14,0
DA:17,0
DA:18,0
DA:19,0
DA:22,0
LF:10
LH:1
BRF:0
BRH:0
end_of_record
TN:
SF:src/components/TriPrix.tsx
FN:5,(anonymous_0)
FN:10,(anonymous_1)
FN:21,(anonymous_2)
FN:22,(anonymous_3)
FN:26,valuetext
FN:44,(anonymous_5)
FNF:6
FNH:0
FNDA:0,(anonymous_0)
FNDA:0,(anonymous_1)
FNDA:0,(anonymous_2)
FNDA:0,(anonymous_3)
FNDA:0,valuetext
FNDA:0,(anonymous_5)
DA:5,1
DA:6,0
DA:7,0
DA:8,0
DA:10,0
DA:11,0
DA:12,0
DA:14,0
DA:15,0
DA:17,0
DA:19,0
DA:21,0
DA:22,0
DA:23,0
DA:27,0
DA:30,0
DA:31,0
DA:41,0
DA:44,0
LF:19
LH:1
BRDA:11,0,0,0
BRDA:11,0,1,0
BRDA:14,1,0,0
BRDA:14,1,1,0
BRDA:22,2,0,0
BRDA:22,2,1,0
BRF:6
BRH:0
end_of_record
TN:
SF:src/components/TriType.tsx
FN:5,(anonymous_0)
FN:11,(anonymous_1)
FN:19,(anonymous_2)
FN:20,(anonymous_3)
FN:41,(anonymous_4)
FN:43,(anonymous_5)
FN:48,(anonymous_6)
FNF:7
FNH:0
FNDA:0,(anonymous_0)
FNDA:0,(anonymous_1)
FNDA:0,(anonymous_2)
FNDA:0,(anonymous_3)
FNDA:0,(anonymous_4)
FNDA:0,(anonymous_5)
FNDA:0,(anonymous_6)
DA:5,1
DA:6,0
DA:7,0
DA:8,0
DA:9,0
DA:11,0
DA:14,0
DA:15,0
DA:16,0
DA:19,0
DA:20,0
DA:21,0
DA:22,0
DA:24,0
DA:25,0
DA:29,0
DA:42,0
DA:44,0
DA:49,0
LF:19
LH:1
BRDA:15,0,0,0
BRDA:15,0,1,0
BRDA:20,1,0,0
BRDA:20,1,1,0
BRDA:21,2,0,0
BRDA:21,2,1,0
BRF:6
BRH:0
end_of_record
TN:
SF:src/helpers/api.ts
FN:5,api
FN:6,(anonymous_1)
FNF:2
FNH:0
FNDA:0,api
FNDA:0,(anonymous_1)
DA:6,0
DA:7,0
DA:9,0
DA:11,0
LF:4
LH:0
BRDA:7,0,0,0
BRDA:7,0,1,0
BRF:2
BRH:0
end_of_record
TN:
SF:src/helpers/helpers.ts
FN:6,PostDevis
FN:20,getDevisbyID
FN:25,getAllDevis
FNF:3
FNH:0
FNDA:0,PostDevis
FNDA:0,getDevisbyID
FNDA:0,getAllDevis
DA:7,0
DA:8,0
DA:9,0
DA:10,0
DA:21,0
DA:22,0
DA:27,0
DA:28,0
LF:8
LH:0
BRF:0
BRH:0
end_of_record
TN:
SF:src/pages/CarPage.tsx
FN:12,CarPage
FN:16,(anonymous_1)
FN:17,(anonymous_2)
FN:22,(anonymous_3)
FN:24,addCarToCart
FN:44,(anonymous_5)
FNF:6
FNH:0
FNDA:0,CarPage
FNDA:0,(anonymous_1)
FNDA:0,(anonymous_2)
FNDA:0,(anonymous_3)
FNDA:0,addCarToCart
FNDA:0,(anonymous_5)
DA:15,0
DA:16,0
DA:17,0
DA:18,0
DA:19,0
DA:21,0
DA:22,0
DA:25,0
DA:26,0
DA:28,0
DA:29,0
DA:32,0
DA:33,0
DA:34,0
DA:36,0
DA:37,0
DA:38,0
DA:42,0
DA:44,0
LF:19
LH:0
BRDA:28,0,0,0
BRDA:28,0,1,0
BRF:2
BRH:0
end_of_record
TN:
SF:src/pages/Cart.tsx
FN:9,Cart
FN:15,(anonymous_1)
FN:17,(anonymous_2)
FN:25,removeCar
FN:26,(anonymous_4)
FN:30,totalPrice
FN:32,(anonymous_6)
FN:38,CreateDevis
FN:58,(anonymous_8)
FN:60,(anonymous_9)
FN:74,(anonymous_10)
FNF:11
FNH:0
FNDA:0,Cart
FNDA:0,(anonymous_1)
FNDA:0,(anonymous_2)
FNDA:0,removeCar
FNDA:0,(anonymous_4)
FNDA:0,totalPrice
FNDA:0,(anonymous_6)
FNDA:0,CreateDevis
FNDA:0,(anonymous_8)
FNDA:0,(anonymous_9)
FNDA:0,(anonymous_10)
DA:10,0
DA:11,0
DA:12,0
DA:14,0
DA:15,0
DA:17,0
DA:19,0
DA:20,0
DA:21,0
DA:26,0
DA:27,0
DA:31,0
DA:32,0
DA:33,0
DA:35,0
DA:39,0
DA:40,0
DA:41,0
DA:42,0
DA:43,0
DA:44,0
DA:45,0
DA:46,0
DA:47,0
DA:48,0
DA:49,0
DA:51,0
DA:52,0
DA:56,0
DA:58,0
DA:61,0
DA:62,0
DA:74,0
LF:33
LH:0
BRDA:20,0,0,0
BRDA:20,0,1,0
BRDA:39,1,0,0
BRDA:39,1,1,0
BRDA:40,2,0,0
BRDA:40,2,1,0
BRDA:40,3,0,0
BRDA:40,3,1,0
BRDA:47,4,0,0
BRDA:47,4,1,0
BRDA:61,5,0,0
BRDA:61,5,1,0
BRDA:64,6,0,0
BRDA:64,6,1,0
BRF:14
BRH:0
end_of_record
TN:
SF:src/pages/Catalogue.tsx
FN:22,Catalogue
FN:23,(anonymous_1)
FN:24,(anonymous_2)
FN:38,(anonymous_3)
FN:41,(anonymous_4)
FN:47,(anonymous_5)
FN:50,(anonymous_6)
FN:55,(anonymous_7)
FN:57,(anonymous_8)
FN:68,(anonymous_9)
FN:70,(anonymous_10)
FN:81,Trieraveclestri
FN:82,(anonymous_12)
FN:88,(anonymous_13)
FN:111,(anonymous_14)
FN:112,(anonymous_15)
FN:116,(anonymous_16)
FNF:17
FNH:0
FNDA:0,Catalogue
FNDA:0,(anonymous_1)
FNDA:0,(anonymous_2)
FNDA:0,(anonymous_3)
FNDA:0,(anonymous_4)
FNDA:0,(anonymous_5)
FNDA:0,(anonymous_6)
FNDA:0,(anonymous_7)
FNDA:0,(anonymous_8)
FNDA:0,(anonymous_9)
FNDA:0,(anonymous_10)
FNDA:0,Trieraveclestri
FNDA:0,(anonymous_12)
FNDA:0,(anonymous_13)
FNDA:0,(anonymous_14)
FNDA:0,(anonymous_15)
FNDA:0,(anonymous_16)
DA:23,0
DA:24,0
DA:27,0
DA:28,0
DA:31,0
DA:33,0
DA:34,0
DA:38,0
DA:39,0
DA:40,0
DA:42,0
DA:43,0
DA:44,0
DA:47,0
DA:50,0
DA:51,0
DA:55,0
DA:56,0
DA:57,0
DA:58,0
DA:59,0
DA:62,0
DA:64,0
DA:68,0
DA:69,0
DA:71,0
DA:72,0
DA:73,0
DA:76,0
DA:77,0
DA:82,0
DA:83,0
DA:88,0
DA:89,0
DA:90,0
DA:91,0
DA:94,0
DA:111,0
DA:112,0
DA:117,0
LF:40
LH:0
BRDA:58,0,0,0
BRDA:58,0,1,0
BRDA:76,1,0,0
BRDA:76,1,1,0
BRDA:83,2,0,0
BRDA:83,2,1,0
BRDA:91,3,0,0
BRDA:91,3,1,0
BRDA:133,4,0,0
BRDA:133,4,1,0
BRF:10
BRH:0
end_of_record
TN:
SF:src/pages/CharteUtilisation.tsx
FN:5,(anonymous_0)
FNF:1
FNH:0
FNDA:0,(anonymous_0)
DA:5,1
DA:6,0
LF:2
LH:1
BRF:0
BRH:0
end_of_record
TN:
SF:src/pages/Contact.tsx
FN:9,(anonymous_0)
FN:12,(anonymous_1)
FN:16,(anonymous_2)
FN:73,(anonymous_3)
FNF:4
FNH:0
FNDA:0,(anonymous_0)
FNDA:0,(anonymous_1)
FNDA:0,(anonymous_2)
FNDA:0,(anonymous_3)
DA:9,1
DA:10,0
DA:12,0
DA:13,0
DA:16,0
DA:17,0
DA:20,0
DA:74,0
LF:8
LH:1
BRF:0
BRH:0
end_of_record
TN:
SF:src/pages/HomePage.tsx
FN:15,HomePage
FN:16,(anonymous_1)
FN:17,(anonymous_2)
FN:19,(anonymous_3)
FN:23,(anonymous_4)
FN:27,(anonymous_5)
FN:37,(anonymous_6)
FN:38,(anonymous_7)
FNF:8
FNH:1
FNDA:5,HomePage
FNDA:0,(anonymous_1)
FNDA:0,(anonymous_2)
FNDA:0,(anonymous_3)
FNDA:0,(anonymous_4)
FNDA:0,(anonymous_5)
FNDA:0,(anonymous_6)
FNDA:0,(anonymous_7)
DA:16,5
DA:17,0
DA:18,0
DA:19,0
DA:20,0
DA:21,0
DA:23,0
DA:24,0
DA:25,0
DA:27,0
DA:30,0
DA:32,0
DA:37,0
DA:39,0
LF:14
LH:1
BRDA:24,0,0,0
BRDA:24,0,1,0
BRF:2
BRH:0
end_of_record
TN:
SF:src/pages/Login.tsx
FN:20,Copyright
FN:35,Login
FN:42,(anonymous_2)
FN:49,connexion
FN:70,(anonymous_4)
FN:83,(anonymous_5)
FN:114,(anonymous_6)
FN:125,(anonymous_7)
FNF:8
FNH:0
FNDA:0,Copyright
FNDA:0,Login
FNDA:0,(anonymous_2)
FNDA:0,connexion
FNDA:0,(anonymous_4)
FNDA:0,(anonymous_5)
FNDA:0,(anonymous_6)
FNDA:0,(anonymous_7)
DA:21,0
DA:33,1
DA:36,0
DA:37,0
DA:38,0
DA:39,0
DA:40,0
DA:42,0
DA:43,0
DA:44,0
DA:50,0
DA:51,0
DA:59,0
DA:60,0
DA:61,0
DA:62,0
DA:64,0
DA:65,0
DA:68,0
DA:70,0
DA:84,0
DA:114,0
DA:125,0
LF:23
LH:1
BRDA:43,0,0,0
BRDA:43,0,1,0
BRDA:60,1,0,0
BRDA:60,1,1,0
BRDA:60,2,0,0
BRDA:60,2,1,0
BRDA:84,3,0,0
BRDA:84,3,1,0
BRF:8
BRH:0
end_of_record
TN:
SF:src/pages/Profile.tsx
FN:8,Profile
FN:20,(anonymous_1)
FN:25,(anonymous_2)
FN:31,isAdmin
FN:46,(anonymous_4)
FN:59,(anonymous_5)
FN:72,ChangePassword
FN:89,PrintMyPdf
FN:91,(anonymous_8)
FN:96,(anonymous_9)
FN:97,(anonymous_10)
FN:115,(anonymous_11)
FN:119,(anonymous_12)
FN:132,(anonymous_13)
FN:136,(anonymous_14)
FN:151,(anonymous_15)
FN:156,(anonymous_16)
FNF:17
FNH:0
FNDA:0,Profile
FNDA:0,(anonymous_1)
FNDA:0,(anonymous_2)
FNDA:0,isAdmin
FNDA:0,(anonymous_4)
FNDA:0,(anonymous_5)
FNDA:0,ChangePassword
FNDA:0,PrintMyPdf
FNDA:0,(anonymous_8)
FNDA:0,(anonymous_9)
FNDA:0,(anonymous_10)
FNDA:0,(anonymous_11)
FNDA:0,(anonymous_12)
FNDA:0,(anonymous_13)
FNDA:0,(anonymous_14)
FNDA:0,(anonymous_15)
FNDA:0,(anonymous_16)
DA:9,0
DA:10,0
DA:11,0
DA:12,0
DA:13,0
DA:14,0
DA:15,0
DA:16,0
DA:17,0
DA:18,0
DA:20,0
DA:21,0
DA:22,0
DA:25,0
DA:26,0
DA:27,0
DA:32,0
DA:33,0
DA:41,0
DA:42,0
DA:43,0
DA:46,0
DA:47,0
DA:48,0
DA:55,0
DA:56,0
DA:59,0
DA:60,0
DA:67,0
DA:68,0
DA:69,0
DA:73,0
DA:74,0
DA:75,0
DA:76,0
DA:77,0
DA:85,0
DA:90,0
DA:91,0
DA:92,0
DA:93,0
DA:94,0
DA:96,0
DA:97,0
DA:98,0
DA:99,0
DA:101,0
DA:104,0
DA:116,0
DA:119,0
DA:133,0
DA:136,0
DA:151,0
DA:156,0
LF:54
LH:0
BRDA:26,0,0,0
BRDA:26,0,1,0
BRDA:32,1,0,0
BRDA:32,1,1,0
BRDA:47,2,0,0
BRDA:47,2,1,0
BRDA:73,3,0,0
BRDA:73,3,1,0
BRDA:75,4,0,0
BRDA:75,4,1,0
BRDA:90,5,0,0
BRDA:90,5,1,0
BRDA:92,6,0,0
BRDA:92,6,1,0
BRDA:114,7,0,0
BRDA:114,7,1,0
BRDA:126,8,0,0
BRDA:126,8,1,0
BRDA:131,9,0,0
BRDA:131,9,1,0
BRF:20
BRH:0
end_of_record
TN:
SF:src/pages/Register.tsx
FN:19,Copyright
FN:34,Register
FN:43,signup
FN:66,(anonymous_3)
FN:93,(anonymous_4)
FN:104,(anonymous_5)
FN:115,(anonymous_6)
FN:127,(anonymous_7)
FNF:8
FNH:0
FNDA:0,Copyright
FNDA:0,Register
FNDA:0,signup
FNDA:0,(anonymous_3)
FNDA:0,(anonymous_4)
FNDA:0,(anonymous_5)
FNDA:0,(anonymous_6)
FNDA:0,(anonymous_7)
DA:20,0
DA:32,1
DA:35,0
DA:36,0
DA:37,0
DA:38,0
DA:39,0
DA:40,0
DA:41,0
DA:44,0
DA:46,0
DA:55,0
DA:56,0
DA:57,0
DA:58,0
DA:60,0
DA:61,0
DA:64,0
DA:66,0
DA:93,0
DA:104,0
DA:115,0
DA:127,0
LF:23
LH:1
BRDA:56,0,0,0
BRDA:56,0,1,0
BRDA:56,1,0,0
BRDA:56,1,1,0
BRF:4
BRH:0
end_of_record
